0:100  0:100  MemLog inited, TSC freq: 2592364800
0:100  0:000  CPU was calibrated with RTC
0:100  0:000  
0:100  0:000  Now is 23.6.2019,  13:24:20 (GMT)
0:100  0:000  Starting Clover revision: 4961 on American Megatrends EFI
0:100  0:000  Build with: [Args: -D NO_GRUB_DRIVERS_EMBEDDED | -D NO_GRUB_DRIVERS_EMBEDDED -D USE_LOW_EBDA -D HAVE_LEGACY_EMURUNTIMEDXE -a X64 -b RELEASE -t XCODE8 -n 5 | OS: 10.13.6 | XCODE: 10.1]
0:100  0:000  SelfDevicePath=PciRoot(0x0)\Pci(0x17,0x0)\Sata(0x3,0xFFFF,0x0)\HD(1,GPT,2AA09C7F-6936-49F1-9F35-270BC2CAABEE,0x28,0x64000) @74042B98
0:100  0:000  SelfDirPath = \EFI\BOOT
0:113  0:013  === [ Get Smbios ] ========================================
0:113  0:000  Type 16 Index = 0
0:113  0:000  Total Memory Slots Count = 4
0:113  0:000  Type 17 Index = 0
0:113  0:000  Ignoring insane frequency value 0MHz
0:113  0:000  SmbiosTable.Type17->Speed = 0MHz
0:113  0:000  SmbiosTable.Type17->Size = 0MB
0:113  0:000  SmbiosTable.Type17->Bank/Device = BANK 0 ChannelA-DIMM0
0:113  0:000  SmbiosTable.Type17->Vendor = <null string>
0:113  0:000  SmbiosTable.Type17->SerialNumber = <null string>
0:113  0:000  SmbiosTable.Type17->PartNumber = <null string>
0:113  0:000  Type 17 Index = 1
0:113  0:000  Ignoring insane frequency value 0MHz
0:113  0:000  SmbiosTable.Type17->Speed = 0MHz
0:113  0:000  SmbiosTable.Type17->Size = 0MB
0:113  0:000  SmbiosTable.Type17->Bank/Device = BANK 1 ChannelA-DIMM1
0:113  0:000  SmbiosTable.Type17->Vendor = <null string>
0:113  0:000  SmbiosTable.Type17->SerialNumber = <null string>
0:113  0:000  SmbiosTable.Type17->PartNumber = <null string>
0:113  0:000  Type 17 Index = 2
0:113  0:000  SmbiosTable.Type17->Speed = 2133MHz
0:113  0:000  SmbiosTable.Type17->Size = 8192MB
0:113  0:000  SmbiosTable.Type17->Bank/Device = BANK 2 ChannelB-DIMM0
0:113  0:000  SmbiosTable.Type17->Vendor = SK Hynix
0:113  0:000  SmbiosTable.Type17->SerialNumber = 17111322
0:113  0:000  SmbiosTable.Type17->PartNumber = HMA41GS6AFR8N-TF    
0:113  0:000  Type 17 Index = 3
0:113  0:000  Ignoring insane frequency value 0MHz
0:113  0:000  SmbiosTable.Type17->Speed = 0MHz
0:113  0:000  SmbiosTable.Type17->Size = 0MB
0:113  0:000  SmbiosTable.Type17->Bank/Device = BANK 3 ChannelB-DIMM1
0:113  0:000  SmbiosTable.Type17->Vendor = <null string>
0:113  0:000  SmbiosTable.Type17->SerialNumber = <null string>
0:113  0:000  SmbiosTable.Type17->PartNumber = <null string>
0:113  0:000  Boot status=0
0:113  0:000  Running on: 'N552VX' with board 'N552VX'
0:113  0:000  === [ GetCPUProperties ] ==================================
0:113  0:000  CPU Vendor = 756E6547 Model=506E3
0:113  0:000   The CPU supported SSE4.1
0:113  0:000  BrandString = Intel(R) Core(TM) i7-6700HQ CPU @ 2.60GHz
0:113  0:000   The CPU supported turbo
0:113  0:000  MSR 0x35               40008
0:113  0:000   TSC/CCC Information Leaf:
0:113  0:000    numerator     : 216
0:113  0:000    denominator   : 2
0:113  0:000   Calibrated ARTFrequency: 24003377
0:113  0:000  MSR 0xE2 before patch 1E008005
0:113  0:000  MSR 0xE2 is locked, PM patches will be turned on
0:113  0:000  MSR 0xCE              0008083B_F1011A00
0:113  0:000  corrected FLEX_RATIO = 0
0:113  0:000  MSR 0x1B0             00000000
0:113  0:000  FSBFrequency = 120 MHz, DMI FSBFrequency = 100 MHz, Corrected FSBFrequency = 100 MHz
0:113  0:000  MaxDiv/MinDiv: 26.0/8
0:113  0:000  Turbo: 31/32/33/35
0:113  0:000  Features: 0xBFEBFBFF
0:113  0:000  Threads: 8
0:113  0:000  Cores: 4
0:113  0:000  FSB: 100 MHz
0:113  0:000  CPU: 3100 MHz
0:113  0:000  TSC: 3100 MHz
0:113  0:000  PIS: 100 MHz
0:113  0:000  ExternalClock: 25 MHz
0:113  0:000  === [ GetDevices ] ========================================
0:113  0:000  PCI (00|00:00.00) : 8086 1910 class=060000
0:113  0:000  PCI (00|00:01.00) : 8086 1901 class=060400
0:113  0:000  PCI (00|01:00.00) : 10DE 139A class=030200
0:113  0:000  PCI (00|00:02.00) : 8086 191B class=030000
0:113  0:000   - GFX: Model=Intel HD Graphics 530 (Intel)
0:113  0:000  PCI (00|00:04.00) : 8086 1903 class=118000
0:113  0:000  PCI (00|00:14.00) : 8086 A12F class=0C0330
0:113  0:000  PCI (00|00:14.02) : 8086 A131 class=118000
0:113  0:000  PCI (00|00:15.00) : 8086 A160 class=118000
0:113  0:000  PCI (00|00:15.01) : 8086 A161 class=118000
0:113  0:000  PCI (00|00:16.00) : 8086 A13A class=078000
0:113  0:000  PCI (00|00:17.00) : 8086 A103 class=010601
0:113  0:000  PCI (00|00:1C.00) : 8086 A112 class=060400
0:113  0:000  PCI (00|02:00.00) : 8086 095A class=028000
0:113  0:000   - WIFI: Vendor=Intel
0:113  0:000  PCI (00|00:1C.03) : 8086 A113 class=060400
0:113  0:000  PCI (00|03:00.00) : 10EC 5287 class=FF0000
0:113  0:000  PCI (00|03:00.01) : 10EC 8168 class=020000
0:113  0:000   - LAN: 0 Vendor=Realtek
0:113  0:000  PCI (00|00:1F.00) : 8086 A14E class=060100
0:113  0:000  PCI (00|00:1F.02) : 8086 A121 class=058000
0:113  0:000  PCI (00|00:1F.03) : 8086 A170 class=040300
0:113  0:000  PCI (00|00:1F.04) : 8086 A123 class=0C0500
0:113  0:000  === [ GetDefaultSettings ] ================================
0:113  0:000  Clover load options size = 0 bytes
0:131  0:017  EFI\CLOVER\config.plist loaded: Success
0:138  0:007  === [ GetListOfThemes ] ===================================
0:139  0:000  - [00]: BGM
0:159  0:020  - [01]: random
0:173  0:014  - [01]: embedded
0:174  0:001  === [ Found config plists ] ===============================
0:175  0:000  - config.plist
0:183  0:007  === [ GetEarlyUserSettings ] ==============================
0:183  0:000  timeout set to 5
0:183  0:000  Custom boot CUSTOM_BOOT_DISABLED (0x0)
0:183  0:000  ForceKextsToLoad: 1 requested
0:183  0:000   - [0]: System\Library\Extensions\IONetworkingFamily.kext
0:183  0:000  KextsToPatch: 4 requested
0:183  0:000   - [00]: com.apple.iokit.IOUSBHostFamily (USB port limit patch #1 10.14.x modify by DalianSky(credit ydeng)) :: MatchOS: 10.14.x :: BinPatch :: data len: 4
0:183  0:000   - [01]: com.apple.iokit.IOUSBHostFamily (USB port limit patch #2 10.14.x modify by DalianSky(credit PMHeart)) :: MatchOS: 10.14.x :: BinPatch :: data len: 4
0:183  0:000   - [02]: com.apple.driver.usb.AppleUSBXHCI (USB Port limit patch #3 10.14.x modify by DalianSky(credits PMheart)) :: MatchOS: 10.14.x :: BinPatch :: data len: 4
0:183  0:000   - [03]: com.apple.driver.usb.AppleUSBXHCI (USB Port limit patch #4 10.14.x modify by DalianSky(credits PMheart)) :: MatchOS: 10.14.x :: BinPatch :: data len: 4
0:183  0:000  KernelToPatch: 3 requested
0:183  0:000   - [00]: MSR 0xE2 _xcpm_idle instant reboot(c) Pike R. Alpha :: data len: 8
0:183  0:000   - [01]: Disable panic kext logging on 10.13 release kernel (credit vit9696) :: MatchOS: 10.13.x :: data len: 6
0:183  0:000   - [02]: Disable panic kext logging on 10.14 release kernel (credit vit9696) :: MatchOS: 10.14.x :: data len: 6
0:183  0:000  Default theme: BGM
0:183  0:000  Hiding entries with string Preboot
0:183  0:000  === [ LoadDrivers ] =======================================
0:184  0:001  Loading UsbMouseDxe-64.efi  status=Success
0:190  0:006   - driver needs connecting
0:190  0:000  Loading UsbKbDxe-64.efi  status=Success
0:195  0:004   - driver needs connecting
0:195  0:000  Loading PartitionDxe-64.efi  status=Success
0:206  0:010   - driver needs connecting
0:206  0:000  Loading AppleUITheme-64.efi  status=Success
0:217  0:011  Loading DataHubDxe-64.efi  status=Success
0:221  0:003  Loading ApfsDriverLoader-64.efi  status=Success
0:223  0:002   - driver needs connecting
0:223  0:000  Loading NTFS-64.efi  status=Success
0:226  0:002   - driver needs connecting
0:226  0:000  Loading FSInject-64.efi  status=Success
0:228  0:002  Loading AptioInputFix-64.efi  status=Success
0:230  0:002  Loading AptioMemoryFix-64.efi  status=Success
0:241  0:011  Loading AppleImageLoader-64.efi  status=Success
0:248  0:007  Loading HFSPlus-64.efi  status=Success
0:250  0:001   - driver needs connecting
0:250  0:000  Loading AudioDxe-64.efi  status=Success
0:252  0:002   - driver needs connecting
0:255  0:002  Loading VirtualSmc-64.efi  status=Success
0:258  0:003  7 drivers needs connecting ...
0:258  0:000  PlatformDriverOverrideProtocol not found. Installing ... Success
0:258  0:000  Partition driver loaded: CD disconnect Success
0:258  0:000  HFS+ driver loaded
0:258  0:000  APFS driver loaded
0:258  0:000  Searching for invalid DiskIo BY_DRIVER connects: not found, all ok
4:566  4:307  === [ InitScreen ] ========================================
4:566  0:000  Console modes reported: 4, available modes:
4:566  0:000   - [01]: 80x25 (current mode)
4:566  0:000   - [02]: 80x50
4:566  0:000   - [03]: 100x31
4:566  0:000   - [04]: 240x56
4:566  0:000  SetMaxResolution: found best mode 0: 1920x1080
4:566  0:000   - already set
4:566  0:000  SetScreenResolution: 1920x1080 - already set
4:566  0:000  reinit: self device path=PciRoot(0x0)\Pci(0x17,0x0)\Sata(0x3,0xFFFF,0x0)\HD(1,GPT,2AA09C7F-6936-49F1-9F35-270BC2CAABEE,0x28,0x64000)
4:567  0:000  Using embedded font: Success
4:567  0:000  === [ GetMacAddress ] =====================================
4:567  0:000  MAC address of LAN #0= D0:17:C2:1A:3C:61:
4:567  0:000  === [ ScanSPD ] ===========================================
4:568  0:000  Scanning SMBus [8086:A123], mmio: 0xDF332004, ioport: 0xF040, hostc: 0x11
4:586  0:018  Slot: 2 Type 26 8192MB 2134MHz Vendor=SK Hynix PartNo=HMA41GS6AFR8N-TF SerialNo=0B00070308030D0E
4:587  0:000  === [ GetAcpiTablesList ] =================================
4:594  0:007  Get Acpi Tables List from RSDT:
4:594  0:000   - [00]: FACP  Notebook len=132
4:594  0:000   - [01]: APIC  Notebook len=188
4:594  0:000   - [02]: FPDT  Notebook len=68
4:594  0:000   - [03]: FIDT  Notebook len=156
4:594  0:000   - [04]: MCFG  Notebook len=60
4:594  0:000   - [05]: HPET  Notebook len=56
4:594  0:000   - [06]: SSDT  SataTabl len=789
4:594  0:000   - [07]: ECDT  Notebook len=193
4:594  0:000   - [08]: LPIT  SKL len=148
4:594  0:000   - [09]: SSDT  sensrhub len=584
4:594  0:000   - [10]: DBGP   len=52
4:594  0:000   - [11]: DBG2   len=84
4:594  0:000   - [12]: SSDT  DptfTabl len=15721
4:594  0:000   - [13]: SSDT  SaSsdt  len=26245
4:594  0:000   - [14]: UEFI   len=66
4:594  0:000   - [15]: SSDT  CpuSsdt len=3672
4:594  0:000   - [16]: BGRT  Notebook len=56
4:594  0:000   - [17]: SSDT  SgPeg len=165
4:594  0:000   - [18]: DMAR  SKL  len=240
4:594  0:000   - [19]: TPM2  Tpm2Tabl len=52
4:594  0:000   - [20]: SSDT  OptTabl len=6719
4:594  0:000   - [21]: MSDM  Notebook len=85
4:594  0:000  Calibrated TSC Frequency = 2592364800 = 2592MHz
4:595  0:000  === [ GetUserSettings ] ===================================
4:595  0:000  Add 2 devices:
4:595  0:000  Add 8 properties:
4:595  0:000   - [00]: NVidia Key: name, len: 9
4:595  0:000   - [01]: NVidia Key: IOName, len: 9
4:595  0:000   - [02]: NVidia Key: class-code, len: 4
4:595  0:000   - [03]: ATI Key: name, len: 9
4:595  0:000   - [04]: ATI Key: IOName, len: 9
4:595  0:000   - [05]: ATI Key: class-code, len: 4
4:595  0:000   - [06]: ATI Key: vendor-id, len: 4
4:595  0:000   - [07]: ATI Key: device-id, len: 4
4:595  0:000  USB FixOwnership: yes
4:595  0:000  Dropping 3 tables:
4:595  0:000   - [00]: Drop table  signature="#MCF" (46434D23)
4:595  0:000           - set table: 46434D23,                0 to drop: no
4:595  0:000   - [01]: Drop table  signature="DMAR" (52414D44)
4:595  0:000           - set table: 52414D44,                0 to drop: yes
4:595  0:000   - [02]: Drop table  signature="SSDT" (54445353) table-id="xh_rvp10" (30317076725F6878)
4:595  0:000           - set table: 54445353, 30317076725F6878 to drop: no
4:595  0:000   - final DSDT Fix mask=402600D4
4:595  0:000  PatchesDSDT: 14 requested
4:595  0:000   - [00]: (change OSID to XSID (to avoid match against _OSI XOSI patch)) lenToFind: 4, lenToReplace: 4, Target Bridge: <null string>
4:595  0:000   - [01]: (change _OSI to XOSI) lenToFind: 4, lenToReplace: 4, Target Bridge: <null string>
4:595  0:000   - [02]: (change _DSM to XDSM) lenToFind: 4, lenToReplace: 4, Target Bridge: <null string>
4:595  0:000   - [03]: (change EHC1 to EH01) lenToFind: 4, lenToReplace: 4, Target Bridge: <null string>
4:595  0:000   - [04]: (change EHC2 to EH02) lenToFind: 4, lenToReplace: 4, Target Bridge: <null string>
4:595  0:000   - [05]: (change EC0 to EC) lenToFind: 4, lenToReplace: 4, Target Bridge: <null string>
4:595  0:000   - [06]: (change H_EC to EC) lenToFind: 4, lenToReplace: 4, Target Bridge: <null string>
4:595  0:000    patch disabled at config
4:595  0:000   - [07]: (change ECDV to EC) lenToFind: 4, lenToReplace: 4, Target Bridge: <null string>
4:595  0:000    patch disabled at config
4:595  0:000   - [08]: (change HDAS to HDEF) lenToFind: 4, lenToReplace: 4, Target Bridge: <null string>
4:595  0:000   - [09]: (change HECI to IMEI) lenToFind: 4, lenToReplace: 4, Target Bridge: <null string>
4:595  0:000   - [10]: (change MEI to IMEI) lenToFind: 4, lenToReplace: 4, Target Bridge: <null string>
4:595  0:000   - [11]: (change GFX0 to IGPU) lenToFind: 4, lenToReplace: 4, Target Bridge: <null string>
4:595  0:000   - [12]: (change PCI0.VID to IGPU #1 (Thinkpad)) lenToFind: 8, lenToReplace: 8, Target Bridge: <null string>
4:595  0:000   - [13]: (change PCI0.VID to IGPU #2 (Thinkpad)) lenToFind: 14, lenToReplace: 14, Target Bridge: <null string>
4:595  0:000  Using ProductName from config: MacBookPro13,1
4:595  0:000  BiosVersion: not set, Using BiosVersion from clover
4:595  0:000  BiosVersion: MBP131.88Z.F000.B00.1904111407
4:595  0:000  BiosReleaseDate: 04/11/2019
4:595  0:000  Using EfiVersion from clover: 233.0.0.0.0
4:595  0:000  Using FirmwareFeatures from clover: 0xFC0FE137
4:595  0:000  Using FirmwareFeaturesMask from clover: 0xFF1FFF3F
4:595  0:000  Using PlatformFeature from clover: 0x1A
4:639  0:043  === [ Found DSDT tables ] =================================
4:639  0:000  - DSDT.aml
4:674  0:035  === [ ScanVolumes ] =======================================
4:674  0:000  Found 11 volumes with blockIO
4:674  0:000  - [00]: Volume: PciRoot(0x0)\Pci(0x14,0x0)\USB(0x15,0x0)
4:675  0:000          USB volume
4:675  0:000  - [01]: Volume: PciRoot(0x0)\Pci(0x14,0x0)\USB(0x15,0x0)\HD(1,GPT,A21E8EAA-2E43-477D-9ADD-5BCBD7CA3E4B,0x800,0x32000)
4:676  0:000          Result of bootcode detection: bootable Windows (vista,win)
4:676  0:000          USB volume
4:676  0:000  - [02]: Volume: PciRoot(0x0)\Pci(0x14,0x0)\USB(0x15,0x0)\HD(2,GPT,B5C23A8A-EB3A-46E8-8327-A3FDD877C967,0x32800,0x746D2800)
4:677  0:000          Result of bootcode detection: bootable Windows (win)
4:677  0:000          USB volume
4:701  0:024  - [03]: Volume: PciRoot(0x0)\Pci(0x17,0x0)\Sata(0x1,0xFFFF,0x0)
4:701  0:000          Found optical drive
4:701  0:000  - [04]: Volume: PciRoot(0x0)\Pci(0x17,0x0)\Sata(0x3,0xFFFF,0x0)
4:708  0:006  - [05]: Volume: PciRoot(0x0)\Pci(0x17,0x0)\Sata(0x3,0xFFFF,0x0)\HD(1,GPT,2AA09C7F-6936-49F1-9F35-270BC2CAABEE,0x28,0x64000)
4:708  0:000          Result of bootcode detection: bootable unknown (legacy)
4:708  0:000          This is SelfVolume !!
4:708  0:000  - [06]: Volume: PciRoot(0x0)\Pci(0x17,0x0)\Sata(0x3,0xFFFF,0x0)\HD(2,GPT,D7BFA810-A73F-4C39-A091-C11A865B8E26,0x64028,0x746A2D60)
4:713  0:004          Result of bootcode detection: bootable unknown (legacy)
4:713  0:000  - [07]: Volume: PciRoot(0x0)\Pci(0x17,0x0)\Sata(0x3,0xFFFF,0x0)\HD(2,GPT,D7BFA810-A73F-4C39-A091-C11A865B8E26,0x64028,0x746A2D60)\VenMedia(BE74FCF7-0B7C-49F3-9147-01F4042E6842,5EB379C05AE1ED46A534E317DF7213F6)
4:713  0:000          hiding this volume
4:713  0:000  - [08]: Volume: PciRoot(0x0)\Pci(0x17,0x0)\Sata(0x3,0xFFFF,0x0)\HD(2,GPT,D7BFA810-A73F-4C39-A091-C11A865B8E26,0x64028,0x746A2D60)\VenMedia(BE74FCF7-0B7C-49F3-9147-01F4042E6842,0C2CF0EDA630F445953F6502C127AB8F)
4:713  0:000  - [09]: Volume: PciRoot(0x0)\Pci(0x17,0x0)\Sata(0x3,0xFFFF,0x0)\HD(2,GPT,D7BFA810-A73F-4C39-A091-C11A865B8E26,0x64028,0x746A2D60)\VenMedia(BE74FCF7-0B7C-49F3-9147-01F4042E6842,AB2778F648E4424C8F02A87A61043A61)
4:713  0:000  - [10]: Volume: PciRoot(0x0)\Pci(0x17,0x0)\Sata(0x3,0xFFFF,0x0)\HD(2,GPT,D7BFA810-A73F-4C39-A091-C11A865B8E26,0x64028,0x746A2D60)\VenMedia(BE74FCF7-0B7C-49F3-9147-01F4042E6842,46CDEFD99B8AC44C96DE472843C814FC)
4:713  0:000  found 2 handles with audio
4:713  0:000  No AudioIoDevice stored
4:713  0:000  no stored audio parameters
4:713  0:000  === [ InitTheme ] =========================================
4:713  0:000  use daylight theme
4:727  0:014  Using theme 'BGM' (EFI\CLOVER\themes\BGM)
4:727  0:000  OS main and drive as badge
4:728  0:000  file sound read: sound.wav Not Found
4:733  0:005  Loading font from ThemeDir: Success
4:733  0:000  theme inited
4:733  0:000  Chosen theme BGM
4:733  0:000  found boot-args in NVRAM:, size=1
4:733  0:000  after NVRAM boot-args=dart=0 nv_disable=1 -cdfon -igfxnohdmi
4:733  0:000  === [ Dump SMC keys from NVRAM ] ==========================
4:733  0:000  found AppleSMC protocol
4:744  0:010  === [ AddCustomEntries ] ==================================
4:744  0:000  Custom entry 0 Title:"Recovery" Path:"\com.apple.recovery.boot\boot.efi" Type:10 Flags:0x2 matching all volumes
4:744  0:000      Checking volume "EFI" (PciRoot(0x0)\Pci(0x14,0x0)\USB(0x15,0x0)\HD(1,GPT,A21E8EAA-2E43-477D-9ADD-5BCBD7CA3E4B,0x800,0x32000)) ... skipped because path does not exist
4:744  0:000      Checking volume "WinToUSB" (PciRoot(0x0)\Pci(0x14,0x0)\USB(0x15,0x0)\HD(2,GPT,B5C23A8A-EB3A-46E8-8327-A3FDD877C967,0x32800,0x746D2800)) ... skipped because path does not exist
4:744  0:000      Checking volume "EFI" (PciRoot(0x0)\Pci(0x17,0x0)\Sata(0x3,0xFFFF,0x0)\HD(1,GPT,2AA09C7F-6936-49F1-9F35-270BC2CAABEE,0x28,0x64000)) ... skipped because path does not exist
4:744  0:000      Checking volume "Preboot" (PciRoot(0x0)\Pci(0x17,0x0)\Sata(0x3,0xFFFF,0x0)\HD(2,GPT,D7BFA810-A73F-4C39-A091-C11A865B8E26,0x64028,0x746A2D60)\VenMedia(BE74FCF7-0B7C-49F3-9147-01F4042E6842,5EB379C05AE1ED46A534E317DF7213F6)) ... skipped because volume is hidden
4:744  0:000      Checking volume "mac" (PciRoot(0x0)\Pci(0x17,0x0)\Sata(0x3,0xFFFF,0x0)\HD(2,GPT,D7BFA810-A73F-4C39-A091-C11A865B8E26,0x64028,0x746A2D60)\VenMedia(BE74FCF7-0B7C-49F3-9147-01F4042E6842,0C2CF0EDA630F445953F6502C127AB8F)) ... skipped because path does not exist
4:745  0:000      Checking volume "Recovery" (PciRoot(0x0)\Pci(0x17,0x0)\Sata(0x3,0xFFFF,0x0)\HD(2,GPT,D7BFA810-A73F-4C39-A091-C11A865B8E26,0x64028,0x746A2D60)\VenMedia(BE74FCF7-0B7C-49F3-9147-01F4042E6842,AB2778F648E4424C8F02A87A61043A61)) ... skipped because path does not exist
4:745  0:000      Checking volume "VM" (PciRoot(0x0)\Pci(0x17,0x0)\Sata(0x3,0xFFFF,0x0)\HD(2,GPT,D7BFA810-A73F-4C39-A091-C11A865B8E26,0x64028,0x746A2D60)\VenMedia(BE74FCF7-0B7C-49F3-9147-01F4042E6842,46CDEFD99B8AC44C96DE472843C814FC)) ... skipped because path does not exist
4:745  0:000  Custom entry 1 Title:"Windows" Path:"\EFI\Microsoft\Boot\bootmgfw.efi" Options:"-s -h" Type:7 Flags:0x0 matching all volumes
4:745  0:000      Checking volume "EFI" (PciRoot(0x0)\Pci(0x14,0x0)\USB(0x15,0x0)\HD(1,GPT,A21E8EAA-2E43-477D-9ADD-5BCBD7CA3E4B,0x800,0x32000)) ... match!
4:765  0:019  Custom settings: <null string>.plist will  be applied
4:765  0:000      Checking volume "WinToUSB" (PciRoot(0x0)\Pci(0x14,0x0)\USB(0x15,0x0)\HD(2,GPT,B5C23A8A-EB3A-46E8-8327-A3FDD877C967,0x32800,0x746D2800)) ... skipped because path does not exist
4:765  0:000      Checking volume "EFI" (PciRoot(0x0)\Pci(0x17,0x0)\Sata(0x3,0xFFFF,0x0)\HD(1,GPT,2AA09C7F-6936-49F1-9F35-270BC2CAABEE,0x28,0x64000)) ... skipped because path does not exist
4:765  0:000      Checking volume "Preboot" (PciRoot(0x0)\Pci(0x17,0x0)\Sata(0x3,0xFFFF,0x0)\HD(2,GPT,D7BFA810-A73F-4C39-A091-C11A865B8E26,0x64028,0x746A2D60)\VenMedia(BE74FCF7-0B7C-49F3-9147-01F4042E6842,5EB379C05AE1ED46A534E317DF7213F6)) ... skipped because volume is hidden
4:765  0:000      Checking volume "mac" (PciRoot(0x0)\Pci(0x17,0x0)\Sata(0x3,0xFFFF,0x0)\HD(2,GPT,D7BFA810-A73F-4C39-A091-C11A865B8E26,0x64028,0x746A2D60)\VenMedia(BE74FCF7-0B7C-49F3-9147-01F4042E6842,0C2CF0EDA630F445953F6502C127AB8F)) ... skipped because path does not exist
4:766  0:000      Checking volume "Recovery" (PciRoot(0x0)\Pci(0x17,0x0)\Sata(0x3,0xFFFF,0x0)\HD(2,GPT,D7BFA810-A73F-4C39-A091-C11A865B8E26,0x64028,0x746A2D60)\VenMedia(BE74FCF7-0B7C-49F3-9147-01F4042E6842,AB2778F648E4424C8F02A87A61043A61)) ... skipped because path does not exist
4:766  0:000      Checking volume "VM" (PciRoot(0x0)\Pci(0x17,0x0)\Sata(0x3,0xFFFF,0x0)\HD(2,GPT,D7BFA810-A73F-4C39-A091-C11A865B8E26,0x64028,0x746A2D60)\VenMedia(BE74FCF7-0B7C-49F3-9147-01F4042E6842,46CDEFD99B8AC44C96DE472843C814FC)) ... skipped because path does not exist
4:766  0:000  === [ ScanLoader ] ========================================
4:766  0:000  - [01]: 'EFI'
4:767  0:001          AddLoaderEntry for Volume Name=EFI
4:767  0:000       skipped because path `PciRoot(0x0)\Pci(0x14,0x0)\USB(0x15,0x0)\HD(1,GPT,A21E8EAA-2E43-477D-9ADD-5BCBD7CA3E4B,0x800,0x32000)\EFI\microsoft\Boot\bootmgfw.efii` already exists for another entry!
4:789  0:021          AddLoaderEntry for Volume Name=EFI
4:789  0:000          skipped because entry is hidden
4:789  0:000  - [02]: 'WinToUSB'
4:799  0:010  - [05]: 'EFI'
4:815  0:016          AddLoaderEntry for Volume Name=EFI
4:815  0:000          skipped because entry is hidden
4:815  0:000  - [07]: 'Preboot', hidden
4:815  0:000  - [08]: 'mac'
4:869  0:053          AddLoaderEntry for Volume Name=mac
5:266  0:396          AddLoaderEntry for Volume Name=mac
5:328  0:061      hibernated: set as never
5:370  0:042  - [09]: 'Recovery'
5:376  0:006          AddLoaderEntry for Volume Name=Recovery
5:438  0:061  - [10]: 'VM'
5:449  0:010  === [ AddCustomTool ] =====================================
5:461  0:012  found tool \EFI\CLOVER\tools\Shell64U.efi
5:461  0:000  Checking EFI partition Volume 1 for Clover
5:461  0:000  Checking EFI partition Volume 5 for Clover
5:461  0:000   Found Clover
5:461  0:000  Use anime=Anim_9_Boot_Sequence frames=64
5:471  0:009  === [ GetEfiBootDeviceFromNvram ] =========================
5:471  0:000   - efi-boot-device-data: PciRoot(0x0)\Pci(0x17,0x0)\Sata(0x3,0x0,0x0)\HD(2,GPT,D7BFA810-A73F-4C39-A091-C11A865B8E26,0x64028,0x746A2D60)\VenMedia(BE74FCF7-0B7C-49F3-9147-01F4042E6842,5EB379C05AE1ED46A534E317DF7213F6)\EDF02C0C-30A6-45F4-953F-6502C127AB8F\com.apple.installer\boot.efii
5:471  0:000    - Volume: 'PciRoot(0x0)\Pci(0x17,0x0)\Sata(0x3,0x0,0x0)\HD(2,GPT,D7BFA810-A73F-4C39-A091-C11A865B8E26,0x64028,0x746A2D60)\VenMedia(BE74FCF7-0B7C-49F3-9147-01F4042E6842,5EB379C05AE1ED46A534E317DF7213F6)'
5:471  0:000    - LoaderPath: '\EDF02C0C-30A6-45F4-953F-6502C127AB8F\com.apple.installer\boot.efi'
5:471  0:000    - Guid = D7BFA810-A73F-4C39-A091-C11A865B8E26
5:471  0:000  === [ FindStartupDiskVolume ] =============================
5:471  0:000    - Volume: partition = PciRoot(0x0)\Pci(0x17,0x0)\Sata(0x3,0x0,0x0)\HD(2,GPT,D7BFA810-A73F-4C39-A091-C11A865B8E26,0x64028,0x746A2D60)\VenMedia(BE74FCF7-0B7C-49F3-9147-01F4042E6842,5EB379C05AE1ED46A534E317DF7213F6)
5:471  0:000     - searching for that partition and loader '\EDF02C0C-30A6-45F4-953F-6502C127AB8F\com.apple.installer\boot.efi'
5:471  0:000      - [!] not found
5:471  0:000     - searching again, but comparing Media dev path nodes
5:471  0:000      - [!] not found
5:471  0:000     - searching for that partition
5:471  0:000      - [!] not found
5:471  0:000     - searching again, but comparing Media dev path nodes
5:471  0:000      - found entry 1. 'Boot macOS Install from mac', Volume 'mac'
5:471  0:000  Boot redirected to Entry 1. 'Boot macOS Install from mac'
5:471  0:000  DefaultIndex=1 and MainMenu.EntryCount=10
5:471  0:000  Use anime=Anim_1_Logo frames=49
5:548  0:076   found 49 frames of the anime
5:548  0:000  recalculated Screen->Film position
5:548  0:000   Anime seems OK, init it
5:800  0:251  GUI ready
8:390  2:589  Use anime=Anim_3_Help frames=64
8:444  0:054   found 64 frames of the anime
8:444  0:000  recalculated Screen->Film position
8:444  0:000   Anime seems OK, init it
45:321  36:877  recalculated Screen->Film position
45:321  0:000   Anime seems OK, init it
48:478  3:156  Use anime=Anim_4_Options frames=64
48:478  0:000  Use anime=Anim_14_Themes frames=64
48:478  0:000  Use anime=Anim_14_Themes frames=64
48:478  0:000  Use anime=Anim_11_Tables frames=64
48:478  0:000  Use anime=Anim_8_DSDT frames=64
48:478  0:000  Use anime=Anim_10_SMBIOS frames=64
48:479  0:000  Use anime=Anim_13_PCI_Devices frames=64
48:479  0:000  Use anime=Anim_6_CPU frames=64
48:479  0:000  Use anime=Anim_5_Graphics frames=64
48:480  0:000  Use anime=Anim_7_Binaries frames=64
48:766  0:286   found 64 frames of the anime
48:766  0:000  recalculated Screen->Film position
48:766  0:000   Anime seems OK, init it
59:549  10:783  EDITED: -v dart=0 nv_disable=1 -cdfon -igfxnohdmi 
62:333  2:784  ReinitSelfLib after theme change
62:333  0:000  reinit: self device path=PciRoot(0x0)\Pci(0x17,0x0)\Sata(0x3,0xFFFF,0x0)\HD(1,GPT,2AA09C7F-6936-49F1-9F35-270BC2CAABEE,0x28,0x64000)
62:615  0:281  === [ ScanVolumes ] =======================================
62:615  0:000  Found 11 volumes with blockIO
62:615  0:000  - [00]: Volume: PciRoot(0x0)\Pci(0x14,0x0)\USB(0x15,0x0)
62:616  0:000          USB volume
62:616  0:000  - [01]: Volume: PciRoot(0x0)\Pci(0x14,0x0)\USB(0x15,0x0)\HD(1,GPT,A21E8EAA-2E43-477D-9ADD-5BCBD7CA3E4B,0x800,0x32000)
62:617  0:000          Result of bootcode detection: bootable Windows (vista,win)
62:617  0:000          USB volume
62:617  0:000  - [02]: Volume: PciRoot(0x0)\Pci(0x14,0x0)\USB(0x15,0x0)\HD(2,GPT,B5C23A8A-EB3A-46E8-8327-A3FDD877C967,0x32800,0x746D2800)
62:618  0:001          Result of bootcode detection: bootable Windows (win)
62:618  0:000          USB volume
62:618  0:000  - [03]: Volume: PciRoot(0x0)\Pci(0x17,0x0)\Sata(0x1,0xFFFF,0x0)
62:618  0:000          Found optical drive
62:618  0:000  - [04]: Volume: PciRoot(0x0)\Pci(0x17,0x0)\Sata(0x3,0xFFFF,0x0)
62:625  0:007  - [05]: Volume: PciRoot(0x0)\Pci(0x17,0x0)\Sata(0x3,0xFFFF,0x0)\HD(1,GPT,2AA09C7F-6936-49F1-9F35-270BC2CAABEE,0x28,0x64000)
62:625  0:000          Result of bootcode detection: bootable unknown (legacy)
62:625  0:000          This is SelfVolume !!
62:625  0:000  - [06]: Volume: PciRoot(0x0)\Pci(0x17,0x0)\Sata(0x3,0xFFFF,0x0)\HD(2,GPT,D7BFA810-A73F-4C39-A091-C11A865B8E26,0x64028,0x746A2D60)
62:630  0:004          Result of bootcode detection: bootable unknown (legacy)
62:630  0:000  - [07]: Volume: PciRoot(0x0)\Pci(0x17,0x0)\Sata(0x3,0xFFFF,0x0)\HD(2,GPT,D7BFA810-A73F-4C39-A091-C11A865B8E26,0x64028,0x746A2D60)\VenMedia(BE74FCF7-0B7C-49F3-9147-01F4042E6842,5EB379C05AE1ED46A534E317DF7213F6)
62:630  0:000          hiding this volume
62:630  0:000  - [08]: Volume: PciRoot(0x0)\Pci(0x17,0x0)\Sata(0x3,0xFFFF,0x0)\HD(2,GPT,D7BFA810-A73F-4C39-A091-C11A865B8E26,0x64028,0x746A2D60)\VenMedia(BE74FCF7-0B7C-49F3-9147-01F4042E6842,0C2CF0EDA630F445953F6502C127AB8F)
62:630  0:000  - [09]: Volume: PciRoot(0x0)\Pci(0x17,0x0)\Sata(0x3,0xFFFF,0x0)\HD(2,GPT,D7BFA810-A73F-4C39-A091-C11A865B8E26,0x64028,0x746A2D60)\VenMedia(BE74FCF7-0B7C-49F3-9147-01F4042E6842,AB2778F648E4424C8F02A87A61043A61)
62:630  0:000  - [10]: Volume: PciRoot(0x0)\Pci(0x17,0x0)\Sata(0x3,0xFFFF,0x0)\HD(2,GPT,D7BFA810-A73F-4C39-A091-C11A865B8E26,0x64028,0x746A2D60)\VenMedia(BE74FCF7-0B7C-49F3-9147-01F4042E6842,46CDEFD99B8AC44C96DE472843C814FC)
62:630  0:000  found 2 handles with audio
62:630  0:000  No AudioIoDevice stored
62:630  0:000  no stored audio parameters
62:630  0:000  theme inited
62:630  0:000  Chosen theme BGM
62:630  0:000  found boot-args in NVRAM:, size=1
62:631  0:000  after NVRAM boot-args=-v dart=0 nv_disable=1 -cdfon -igfxnohdmi  
62:631  0:000  === [ AddCustomEntries ] ==================================
62:631  0:000  Custom entry 0 Title:"Recovery" Path:"\com.apple.recovery.boot\boot.efi" Type:10 Flags:0x2 matching all volumes
62:631  0:000      Checking volume "EFI" (PciRoot(0x0)\Pci(0x14,0x0)\USB(0x15,0x0)\HD(1,GPT,A21E8EAA-2E43-477D-9ADD-5BCBD7CA3E4B,0x800,0x32000)) ... skipped because path does not exist
62:631  0:000      Checking volume "WinToUSB" (PciRoot(0x0)\Pci(0x14,0x0)\USB(0x15,0x0)\HD(2,GPT,B5C23A8A-EB3A-46E8-8327-A3FDD877C967,0x32800,0x746D2800)) ... skipped because path does not exist
62:631  0:000      Checking volume "EFI" (PciRoot(0x0)\Pci(0x17,0x0)\Sata(0x3,0xFFFF,0x0)\HD(1,GPT,2AA09C7F-6936-49F1-9F35-270BC2CAABEE,0x28,0x64000)) ... skipped because path does not exist
62:631  0:000      Checking volume "Preboot" (PciRoot(0x0)\Pci(0x17,0x0)\Sata(0x3,0xFFFF,0x0)\HD(2,GPT,D7BFA810-A73F-4C39-A091-C11A865B8E26,0x64028,0x746A2D60)\VenMedia(BE74FCF7-0B7C-49F3-9147-01F4042E6842,5EB379C05AE1ED46A534E317DF7213F6)) ... skipped because volume is hidden
62:631  0:000      Checking volume "mac" (PciRoot(0x0)\Pci(0x17,0x0)\Sata(0x3,0xFFFF,0x0)\HD(2,GPT,D7BFA810-A73F-4C39-A091-C11A865B8E26,0x64028,0x746A2D60)\VenMedia(BE74FCF7-0B7C-49F3-9147-01F4042E6842,0C2CF0EDA630F445953F6502C127AB8F)) ... skipped because path does not exist
62:631  0:000      Checking volume "Recovery" (PciRoot(0x0)\Pci(0x17,0x0)\Sata(0x3,0xFFFF,0x0)\HD(2,GPT,D7BFA810-A73F-4C39-A091-C11A865B8E26,0x64028,0x746A2D60)\VenMedia(BE74FCF7-0B7C-49F3-9147-01F4042E6842,AB2778F648E4424C8F02A87A61043A61)) ... skipped because path does not exist
62:632  0:000      Checking volume "VM" (PciRoot(0x0)\Pci(0x17,0x0)\Sata(0x3,0xFFFF,0x0)\HD(2,GPT,D7BFA810-A73F-4C39-A091-C11A865B8E26,0x64028,0x746A2D60)\VenMedia(BE74FCF7-0B7C-49F3-9147-01F4042E6842,46CDEFD99B8AC44C96DE472843C814FC)) ... skipped because path does not exist
62:632  0:000  Custom entry 1 Title:"Windows" Path:"\EFI\Microsoft\Boot\bootmgfw.efi" Options:"-s -h" Type:7 Flags:0x0 matching all volumes
62:632  0:000      Checking volume "EFI" (PciRoot(0x0)\Pci(0x14,0x0)\USB(0x15,0x0)\HD(1,GPT,A21E8EAA-2E43-477D-9ADD-5BCBD7CA3E4B,0x800,0x32000)) ... match!
62:648  0:016  Custom settings: <null string>.plist will  be applied
62:648  0:000      Checking volume "WinToUSB" (PciRoot(0x0)\Pci(0x14,0x0)\USB(0x15,0x0)\HD(2,GPT,B5C23A8A-EB3A-46E8-8327-A3FDD877C967,0x32800,0x746D2800)) ... skipped because path does not exist
62:648  0:000      Checking volume "EFI" (PciRoot(0x0)\Pci(0x17,0x0)\Sata(0x3,0xFFFF,0x0)\HD(1,GPT,2AA09C7F-6936-49F1-9F35-270BC2CAABEE,0x28,0x64000)) ... skipped because path does not exist
62:648  0:000      Checking volume "Preboot" (PciRoot(0x0)\Pci(0x17,0x0)\Sata(0x3,0xFFFF,0x0)\HD(2,GPT,D7BFA810-A73F-4C39-A091-C11A865B8E26,0x64028,0x746A2D60)\VenMedia(BE74FCF7-0B7C-49F3-9147-01F4042E6842,5EB379C05AE1ED46A534E317DF7213F6)) ... skipped because volume is hidden
62:648  0:000      Checking volume "mac" (PciRoot(0x0)\Pci(0x17,0x0)\Sata(0x3,0xFFFF,0x0)\HD(2,GPT,D7BFA810-A73F-4C39-A091-C11A865B8E26,0x64028,0x746A2D60)\VenMedia(BE74FCF7-0B7C-49F3-9147-01F4042E6842,0C2CF0EDA630F445953F6502C127AB8F)) ... skipped because path does not exist
62:649  0:000      Checking volume "Recovery" (PciRoot(0x0)\Pci(0x17,0x0)\Sata(0x3,0xFFFF,0x0)\HD(2,GPT,D7BFA810-A73F-4C39-A091-C11A865B8E26,0x64028,0x746A2D60)\VenMedia(BE74FCF7-0B7C-49F3-9147-01F4042E6842,AB2778F648E4424C8F02A87A61043A61)) ... skipped because path does not exist
62:649  0:000      Checking volume "VM" (PciRoot(0x0)\Pci(0x17,0x0)\Sata(0x3,0xFFFF,0x0)\HD(2,GPT,D7BFA810-A73F-4C39-A091-C11A865B8E26,0x64028,0x746A2D60)\VenMedia(BE74FCF7-0B7C-49F3-9147-01F4042E6842,46CDEFD99B8AC44C96DE472843C814FC)) ... skipped because path does not exist
62:649  0:000  === [ ScanLoader ] ========================================
62:649  0:000  - [01]: 'EFI'
62:649  0:000          AddLoaderEntry for Volume Name=EFI
62:649  0:000       skipped because path `PciRoot(0x0)\Pci(0x14,0x0)\USB(0x15,0x0)\HD(1,GPT,A21E8EAA-2E43-477D-9ADD-5BCBD7CA3E4B,0x800,0x32000)\EFI\microsoft\Boot\bootmgfw.efii` already exists for another entry!
62:665  0:016          AddLoaderEntry for Volume Name=EFI
62:665  0:000          skipped because entry is hidden
62:665  0:000  - [02]: 'WinToUSB'
62:676  0:010  - [05]: 'EFI'
62:686  0:010          AddLoaderEntry for Volume Name=EFI
62:686  0:000          skipped because entry is hidden
62:686  0:000  - [07]: 'Preboot', hidden
62:686  0:000  - [08]: 'mac'
62:698  0:011          AddLoaderEntry for Volume Name=mac
62:805  0:107          AddLoaderEntry for Volume Name=mac
62:828  0:022      hibernated: set as never
62:870  0:042  - [09]: 'Recovery'
62:876  0:006          AddLoaderEntry for Volume Name=Recovery
62:913  0:036  - [10]: 'VM'
62:924  0:010  === [ AddCustomTool ] =====================================
62:937  0:013  found tool \EFI\CLOVER\tools\Shell64U.efi
62:937  0:000  Checking EFI partition Volume 1 for Clover
62:937  0:000  Checking EFI partition Volume 5 for Clover
62:937  0:000   Found Clover
62:937  0:000  Use anime=Anim_9_Boot_Sequence frames=64
62:937  0:000  === [ GetEfiBootDeviceFromNvram ] =========================
62:937  0:000  === [ FindStartupDiskVolume ] =============================
62:937  0:000    - Volume: partition = PciRoot(0x0)\Pci(0x17,0x0)\Sata(0x3,0x0,0x0)\HD(2,GPT,D7BFA810-A73F-4C39-A091-C11A865B8E26,0x64028,0x746A2D60)\VenMedia(BE74FCF7-0B7C-49F3-9147-01F4042E6842,5EB379C05AE1ED46A534E317DF7213F6)
62:937  0:000     - searching for that partition and loader '\EDF02C0C-30A6-45F4-953F-6502C127AB8F\com.apple.installer\boot.efi'
62:937  0:000      - [!] not found
62:937  0:000     - searching again, but comparing Media dev path nodes
62:937  0:000      - [!] not found
62:937  0:000     - searching for that partition
62:937  0:000      - [!] not found
62:937  0:000     - searching again, but comparing Media dev path nodes
62:937  0:000      - found entry 1. 'Boot macOS Install from mac', Volume 'mac'
62:937  0:000  Boot redirected to Entry 1. 'Boot macOS Install from mac'
62:937  0:000  DefaultIndex=1 and MainMenu.EntryCount=10
62:937  0:000  Use anime=Anim_1_Logo frames=49
62:983  0:046   found 49 frames of the anime
62:983  0:000  recalculated Screen->Film position
62:983  0:000   Anime seems OK, init it
70:409  7:426  Boot option Boot0000 not found
70:409  0:000  === [ StartLoader ] =======================================
70:409  0:000  Finally: ExternalClock=25MHz BusSpeed=99707kHz CPUFreq=2592MHz PIS: hw.busfrequency=100000000Hz
70:409  0:000  Loading boot.efi  status=Success
70:740  0:330  GetOSVersion: 10.14.5 (18F132)
70:740  0:000  CSR_CFG: CSR_ALLOW_UNTRUSTED_KEXTS | CSR_ALLOW_UNRESTRICTED_FS | CSR_ALLOW_TASK_FOR_PID | CSR_ALLOW_UNRESTRICTED_DTRACE | CSR_ALLOW_UNRESTRICTED_NVRAM
70:740  0:000  Filtering KextPatches:
70:740  0:000   - [00]: com.apple.iokit.IOUSBHostFamily (USB port limit patch #1 10.14.x modify by DalianSky(credit ydeng)) :: BinPatch :: [OS: 10.14.5 | MatchOS: 10.14.x | MatchBuild: All] ==> allowed
70:740  0:000   - [01]: com.apple.iokit.IOUSBHostFamily (USB port limit patch #2 10.14.x modify by DalianSky(credit PMHeart)) :: BinPatch :: [OS: 10.14.5 | MatchOS: 10.14.x | MatchBuild: All] ==> allowed
70:740  0:000   - [02]: com.apple.driver.usb.AppleUSBXHCI (USB Port limit patch #3 10.14.x modify by DalianSky(credits PMheart)) :: BinPatch :: [OS: 10.14.5 | MatchOS: 10.14.x | MatchBuild: All] ==> allowed
70:740  0:000   - [03]: com.apple.driver.usb.AppleUSBXHCI (USB Port limit patch #4 10.14.x modify by DalianSky(credits PMheart)) :: BinPatch :: [OS: 10.14.5 | MatchOS: 10.14.x | MatchBuild: All] ==> allowed
70:740  0:000  Filtering KernelPatches:
70:740  0:000   - [00]: MSR 0xE2 _xcpm_idle instant reboot(c) Pike R. Alpha :: [OS: 10.14.5 | MatchOS: All | MatchBuild: no] ==> allowed by OS
70:740  0:000   - [01]: Disable panic kext logging on 10.13 release kernel (credit vit9696) :: [OS: 10.14.5 | MatchOS: 10.13.x | MatchBuild: no] ==> not allowed by OS
70:740  0:000   - [02]: Disable panic kext logging on 10.14 release kernel (credit vit9696) :: [OS: 10.14.5 | MatchOS: 10.14.x | MatchBuild: no] ==> allowed by OS
70:740  0:000  Will not patch boot.efi
70:740  0:000  === [ PatchSmbios ] =======================================
70:740  0:000  insert table 9 for dev 0:1
70:740  0:000  insert table 9 for dev 0:0
70:740  0:000  Trusting SMBIOS...
70:740  0:000  Channels: 1
70:740  0:000  Interleave: 0 1 2 3 4 5 6 7 8 9 10 11 12 13 14 15 16 17 18 19 20 21 22 23
70:740  0:000  SMBIOS Type 17 Index = 0 => 0 0:
70:740  0:000  BANK 0 DIMM0 EMPTY
70:740  0:000  SMBIOS Type 17 Index = 1 => 1 1:
70:740  0:000  BANK 0 DIMM1 EMPTY
70:740  0:000   partNum=HMA41GS6AFR8N-TF    
70:740  0:000  SMBIOS Type 17 Index = 2 => 2 2:
70:740  0:000  BANK 0 DIMM2 2134MHz 8192MB
70:740  0:000  mTotalSystemMemory = 8192
70:740  0:000  NumberOfMemoryDevices = 3
70:740  0:000  Type20[0]->End = 0x7FFFFF, Type17[2] = 0x2000
70:740  0:000  Table 131 is present, CPUType=31
70:740  0:000  Change to: 705
70:741  0:000  === [ PatchACPI ] =========================================
70:741  0:000  Xsdt reallocation done
70:741  0:000  old FADT length=10C
70:741  0:000   SignatureFixup: 0x1F7092F9 -> 0x0
70:755  0:014  DSDT found in Clover volume OEM folder: EFI\CLOVER\ACPI\patched\DSDT.aml
70:760  0:005  Apply DsdtFixMask=0x402600D4
70:760  0:000     drop _DSM mask=0x0000
70:760  0:000  === [ FixBiosDsdt ] =======================================
70:761  0:000  Patching DSDT:
70:761  0:000   - [change OSID to XSID (to avoid match against _OSI XOSI patch)]: pattern 4F534944, bin not found / already patched!
70:761  0:000   - [change _OSI to XOSI]: pattern 5F4F5349, patched at: [ (7CE9) (7439) (3) (11) (18) (1C) (1C) (1A) (18) (18) (18) (18) ]
70:761  0:000   - [change _DSM to XDSM]: pattern 5F44534D, patched at: [ (30D7) (302) (368) (368) (368) (368) (368) (368) (368) (3D5) (3A0) (368) (368) (368) (368) (368) (368) (368) (368) (368) (368) (1C86) (97) (52) (11F9) (161) (456) (11) (51) (22) (21) (15) (14) (2C) (1424) (EE) (EE) (EE) (EE) (EE) (D9) (D9) (12A) (12A) (12A) (277) (4A4) (10AD) (14A) (B8) (2F) (4C) (1461) (1EA3) (4E9) (4E9) (4E9) (502) (4E9) (4E9) (4E9) (502) (4E9) (4E9) (4E9) (4E9) (4E9) (4E9) (4E9) (4E9) (4E9) (4E9) (4E9) (25C9) (1533) (9BEF) (9B2) ]
70:761  0:000   - [change EHC1 to EH01]: pattern 45484331, bin not found / already patched!
70:761  0:000   - [change EHC2 to EH02]: pattern 45484332, bin not found / already patched!
70:762  0:000   - [change EC0 to EC]: pattern 4543305F, patched at: [ (EE75) (90) (D1C3) (1B5B) (21) (19) (4A) (182) (229) (107) (1B) (2A) (24) (77) (2D) (27) (113) (15) (148) (12) (67) (37) (24) (1D) (37) (1F6) (8B) (11A) (18E) (1A) (25E) (14) (12) (12) (12) (18) (16) (12) (12) (12) (13) (6C) (74) (30E) (20) (4D) (309) (15) (1E) (22) (E) (E) (E) (E) (67) (38) (32) (53) (52) (9E) (1E) (2E) (E) (E) (E) (45) (15) (21B) (C) (2F) (10) (10) (2D) (1F) (3A) (4F) (256) (60) (E1) (60) (4E) (17) (33) (19) (54) (226) (21) (11B) (181) (325) (D5) (377) (10) (10) (40) (10) (10) (3C) (10) (10) (13A) (3D) (462) (141) (174) (E1C) (11C5) (14) (30) (14) (31) (14) (31) (14) (1E) (46) (14) (61) (11F4) (43) (CF9) (1B) (11E) (1B) (147) (1C) (2B) (2A) (24) (31) (15) (23) (15) (22) (4D5) ]
70:762  0:000   - [change H_EC to EC]: disabled
70:762  0:000   - [change ECDV to EC]: disabled
70:762  0:000   - [change HDAS to HDEF]: pattern 48444153, patched at: [ (8FE8) (1943) (76) (D) (A1) (6A) ]
70:762  0:000   - [change HECI to IMEI]: pattern 48454349, patched at: [ (E3FA) ]
70:762  0:000   - [change MEI to IMEI]: pattern 4D45495F, bin not found / already patched!
70:762  0:000   - [change GFX0 to IGPU]: pattern 47465830, patched at: [ (114) (12) (12) (12) (12) (12) (12) (12) (12) (12) (12) (16) (12) (12) (12) (12) (12) (2E44) (E582) (14) (6400) (1666) (4785) (10) (4D) (10) (4C) (F) (51) (10) (27F3) (13A) (2A3C) (1617) (9) (8) (49) (D) (10) (10C) (D) (10) (801) (81) (9) (1580) (18) (18) (18) ]
70:762  0:000   - [change PCI0.VID to IGPU #1 (Thinkpad)]: pattern 50434930, bin not found / already patched!
70:763  0:000   - [change PCI0.VID to IGPU #2 (Thinkpad)]: pattern 5649445F, bin not found / already patched!
70:763  0:000    0 replacements
70:764  0:000  found RTC Length not match, Maybe will cause CMOS reset, will patch it.
70:764  0:000  found RTC had IRQNoFlag will move -3 bytes
70:764  0:000  found PIC had IRQNoFlag will move -3 bytes
70:764  0:000  Start HPET Fix
70:766  0:001  Start Mutex Fix
70:766  0:000  PreCleanup XSDT: count=22, length=212
70:766  0:000  PreCleanup XSDT, corrected XSDT: count=22, length=212
70:766  0:000  === [ ACPIPatchedAML ] ====================================
70:766  0:000  AutoMerge pass 1
70:766  0:000  Unsorted
70:766  0:000  Inserting SSDT-DGPU.aml from EFI\CLOVER\ACPI\patched: ignore on pass 1
70:766  0:000  Inserting SSDT-USBX.aml from EFI\CLOVER\ACPI\patched: ignore on pass 1
70:766  0:000  Inserting SSDT-XOSI.aml from EFI\CLOVER\ACPI\patched: ignore on pass 1
70:766  0:000  Inserting SSDT-PNLF.aml from EFI\CLOVER\ACPI\patched: ignore on pass 1
70:766  0:000  === [ ACPIDropTables ] ====================================
70:766  0:000  Drop tables from XSDT, SIGN=DMAR TableID=SKL  Length=240
70:766  0:000   Table[18]: DMAR  SKL   240 dropped
70:766  0:000  0. [change OSID to XSID (to avoid match against _OSI XOSI patch)]: pattern 4F534944, bin not found / already patched!
70:766  0:000  1. [change _OSI to XOSI]: pattern 5F4F5349, bin not found / already patched!
70:766  0:000  2. [change _DSM to XDSM]: pattern 5F44534D, bin not found / already patched!
70:766  0:000  3. [change EHC1 to EH01]: pattern 45484331, bin not found / already patched!
70:766  0:000  4. [change EHC2 to EH02]: pattern 45484332, bin not found / already patched!
70:766  0:000  5. [change EC0 to EC]: pattern 4543305F, bin not found / already patched!
70:766  0:000  6. [change H_EC to EC]: disabled
70:766  0:000  7. [change ECDV to EC]: disabled
70:766  0:000  8. [change HDAS to HDEF]: pattern 48444153, bin not found / already patched!
70:766  0:000  9. [change HECI to IMEI]: pattern 48454349, bin not found / already patched!
70:766  0:000  10. [change MEI to IMEI]: pattern 4D45495F, bin not found / already patched!
70:766  0:000  11. [change GFX0 to IGPU]: pattern 47465830, bin not found / already patched!
70:766  0:000  12. [change PCI0.VID to IGPU #1 (Thinkpad)]: pattern 50434930, bin not found / already patched!
70:766  0:000  13. [change PCI0.VID to IGPU #2 (Thinkpad)]: pattern 5649445F, bin not found / already patched!
70:766  0:000    0 replacements
70:766  0:000  0. [change OSID to XSID (to avoid match against _OSI XOSI patch)]: pattern 4F534944, bin not found / already patched!
70:766  0:000  1. [change _OSI to XOSI]: pattern 5F4F5349, bin not found / already patched!
70:766  0:000  2. [change _DSM to XDSM]: pattern 5F44534D, patched at: [ (51) ]
70:766  0:000  3. [change EHC1 to EH01]: pattern 45484331, bin not found / already patched!
70:766  0:000  4. [change EHC2 to EH02]: pattern 45484332, bin not found / already patched!
70:766  0:000  5. [change EC0 to EC]: pattern 4543305F, bin not found / already patched!
70:766  0:000  6. [change H_EC to EC]: disabled
70:766  0:000  7. [change ECDV to EC]: disabled
70:766  0:000  8. [change HDAS to HDEF]: pattern 48444153, bin not found / already patched!
70:766  0:000  9. [change HECI to IMEI]: pattern 48454349, bin not found / already patched!
70:766  0:000  10. [change MEI to IMEI]: pattern 4D45495F, bin not found / already patched!
70:766  0:000  11. [change GFX0 to IGPU]: pattern 47465830, bin not found / already patched!
70:766  0:000  12. [change PCI0.VID to IGPU #1 (Thinkpad)]: pattern 50434930, bin not found / already patched!
70:766  0:000  13. [change PCI0.VID to IGPU #2 (Thinkpad)]: pattern 5649445F, bin not found / already patched!
70:766  0:000    0 replacements
70:766  0:000  0. [change OSID to XSID (to avoid match against _OSI XOSI patch)]: pattern 4F534944, bin not found / already patched!
70:766  0:000  1. [change _OSI to XOSI]: pattern 5F4F5349, bin not found / already patched!
70:766  0:000  2. [change _DSM to XDSM]: pattern 5F44534D, bin not found / already patched!
70:766  0:000  3. [change EHC1 to EH01]: pattern 45484331, bin not found / already patched!
70:766  0:000  4. [change EHC2 to EH02]: pattern 45484332, bin not found / already patched!
70:766  0:000  5. [change EC0 to EC]: pattern 4543305F, patched at: [ (1F05) (18) (25) (25) (15) (1F) (25) (25) (15) (1F) (25) (25) (15) (1F) (25) (25) (15) (11BE) (AB) (36) (1A) (24) (17) (20) (1E) (2A) (AD) (36) (1A) (24) (17) (20) (1E) (2A) (AB) (36) (1A) (24) (17) (20) (1E) (2A) (AD) (36) (1A) (24) (17) (1F) (1E) ]
70:766  0:000  6. [change H_EC to EC]: disabled
70:766  0:000  7. [change ECDV to EC]: disabled
70:766  0:000  8. [change HDAS to HDEF]: pattern 48444153, bin not found / already patched!
70:766  0:000  9. [change HECI to IMEI]: pattern 48454349, bin not found / already patched!
70:767  0:000  10. [change MEI to IMEI]: pattern 4D45495F, bin not found / already patched!
70:767  0:000  11. [change GFX0 to IGPU]: pattern 47465830, patched at: [ (2D45) (15) (25) (14) (1F) (15) (22) (15) ]
70:767  0:000  12. [change PCI0.VID to IGPU #1 (Thinkpad)]: pattern 50434930, bin not found / already patched!
70:767  0:000  13. [change PCI0.VID to IGPU #2 (Thinkpad)]: pattern 5649445F, bin not found / already patched!
70:767  0:000    0 replacements
70:767  0:000  0. [change OSID to XSID (to avoid match against _OSI XOSI patch)]: pattern 4F534944, bin not found / already patched!
70:767  0:000  1. [change _OSI to XOSI]: pattern 5F4F5349, bin not found / already patched!
70:767  0:000  2. [change _DSM to XDSM]: pattern 5F44534D, patched at: [ (465) (556) (32C) (33D6) ]
70:767  0:000  3. [change EHC1 to EH01]: pattern 45484331, bin not found / already patched!
70:767  0:000  4. [change EHC2 to EH02]: pattern 45484332, bin not found / already patched!
70:767  0:000  5. [change EC0 to EC]: pattern 4543305F, patched at: [ (6E3) (18) (19) (21) (8A) (1C) (17) (18) (17) (2362) (EB) (70) (54) (1A40) (100) ]
70:767  0:000  6. [change H_EC to EC]: disabled
70:767  0:000  7. [change ECDV to EC]: disabled
70:767  0:000  8. [change HDAS to HDEF]: pattern 48444153, bin not found / already patched!
70:767  0:000  9. [change HECI to IMEI]: pattern 48454349, bin not found / already patched!
70:767  0:000  10. [change MEI to IMEI]: pattern 4D45495F, bin not found / already patched!
70:767  0:000  11. [change GFX0 to IGPU]: pattern 47465830, patched at: [ (FAA) (1D41) (AD5) (1D) (27B) (1209) (12) (12) (57) (30) (84) ]
70:767  0:000  12. [change PCI0.VID to IGPU #1 (Thinkpad)]: pattern 50434930, bin not found / already patched!
70:767  0:000  13. [change PCI0.VID to IGPU #2 (Thinkpad)]: pattern 5649445F, bin not found / already patched!
70:767  0:000    0 replacements
70:767  0:000  Found OperationRegion(SANV, SystemMemory, 77312D98, ...)
70:767  0:000  0. [change OSID to XSID (to avoid match against _OSI XOSI patch)]: pattern 4F534944, bin not found / already patched!
70:767  0:000  1. [change _OSI to XOSI]: pattern 5F4F5349, bin not found / already patched!
70:767  0:000  2. [change _DSM to XDSM]: pattern 5F44534D, bin not found / already patched!
70:767  0:000  3. [change EHC1 to EH01]: pattern 45484331, bin not found / already patched!
70:767  0:000  4. [change EHC2 to EH02]: pattern 45484332, bin not found / already patched!
70:767  0:000  5. [change EC0 to EC]: pattern 4543305F, bin not found / already patched!
70:767  0:000  6. [change H_EC to EC]: disabled
70:767  0:000  7. [change ECDV to EC]: disabled
70:767  0:000  8. [change HDAS to HDEF]: pattern 48444153, bin not found / already patched!
70:767  0:000  9. [change HECI to IMEI]: pattern 48454349, bin not found / already patched!
70:767  0:000  10. [change MEI to IMEI]: pattern 4D45495F, bin not found / already patched!
70:767  0:000  11. [change GFX0 to IGPU]: pattern 47465830, bin not found / already patched!
70:767  0:000  12. [change PCI0.VID to IGPU #1 (Thinkpad)]: pattern 50434930, bin not found / already patched!
70:767  0:000  13. [change PCI0.VID to IGPU #2 (Thinkpad)]: pattern 5649445F, bin not found / already patched!
70:767  0:000    0 replacements
70:767  0:000  Found OperationRegion(PNVS, SystemMemory, 7273E000, ...)
70:767  0:000  0. [change OSID to XSID (to avoid match against _OSI XOSI patch)]: pattern 4F534944, bin not found / already patched!
70:767  0:000  1. [change _OSI to XOSI]: pattern 5F4F5349, bin not found / already patched!
70:767  0:000  2. [change _DSM to XDSM]: pattern 5F44534D, bin not found / already patched!
70:767  0:000  3. [change EHC1 to EH01]: pattern 45484331, bin not found / already patched!
70:767  0:000  4. [change EHC2 to EH02]: pattern 45484332, bin not found / already patched!
70:767  0:000  5. [change EC0 to EC]: pattern 4543305F, bin not found / already patched!
70:767  0:000  6. [change H_EC to EC]: disabled
70:767  0:000  7. [change ECDV to EC]: disabled
70:767  0:000  8. [change HDAS to HDEF]: pattern 48444153, bin not found / already patched!
70:767  0:000  9. [change HECI to IMEI]: pattern 48454349, bin not found / already patched!
70:767  0:000  10. [change MEI to IMEI]: pattern 4D45495F, bin not found / already patched!
70:767  0:000  11. [change GFX0 to IGPU]: pattern 47465830, bin not found / already patched!
70:767  0:000  12. [change PCI0.VID to IGPU #1 (Thinkpad)]: pattern 50434930, bin not found / already patched!
70:767  0:000  13. [change PCI0.VID to IGPU #2 (Thinkpad)]: pattern 5649445F, bin not found / already patched!
70:767  0:000    0 replacements
70:767  0:000  0. [change OSID to XSID (to avoid match against _OSI XOSI patch)]: pattern 4F534944, bin not found / already patched!
70:767  0:000  1. [change _OSI to XOSI]: pattern 5F4F5349, bin not found / already patched!
70:767  0:000  2. [change _DSM to XDSM]: pattern 5F44534D, patched at: [ (28A) (172D) (41) (11) ]
70:767  0:000  3. [change EHC1 to EH01]: pattern 45484331, bin not found / already patched!
70:767  0:000  4. [change EHC2 to EH02]: pattern 45484332, bin not found / already patched!
70:767  0:000  5. [change EC0 to EC]: pattern 4543305F, patched at: [ (E62) (1C) (17) (18) (17) (18) (1C) (115) (18) (19) (21) (18) (1C) (7A3) (65) ]
70:767  0:000  6. [change H_EC to EC]: disabled
70:767  0:000  7. [change ECDV to EC]: disabled
70:767  0:000  8. [change HDAS to HDEF]: pattern 48444153, bin not found / already patched!
70:767  0:000  9. [change HECI to IMEI]: pattern 48454349, bin not found / already patched!
70:767  0:000  10. [change MEI to IMEI]: pattern 4D45495F, bin not found / already patched!
70:767  0:000  11. [change GFX0 to IGPU]: pattern 47465830, patched at: [ (12E) (19) (154) (8D) (527) (1199) (11) ]
70:767  0:000  12. [change PCI0.VID to IGPU #1 (Thinkpad)]: pattern 50434930, bin not found / already patched!
70:767  0:000  13. [change PCI0.VID to IGPU #2 (Thinkpad)]: pattern 5649445F, bin not found / already patched!
70:767  0:000    0 replacements
70:767  0:000  === [ ACPIPatchedAML ] ====================================
70:767  0:000  AutoMerge pass 2
70:767  0:000  Unsorted
70:767  0:000  Inserting SSDT-DGPU.aml from EFI\CLOVER\ACPI\patched: size=94 ... Success
70:776  0:009  Inserting SSDT-USBX.aml from EFI\CLOVER\ACPI\patched: size=135 ... Success
70:780  0:003  Inserting SSDT-XOSI.aml from EFI\CLOVER\ACPI\patched: size=162 ... Success
70:781  0:001  Inserting SSDT-PNLF.aml from EFI\CLOVER\ACPI\patched: size=1028 ... Success
70:782  0:001  CPUBase=0 and ApicCPUBase=1 ApicCPUNum=1
70:782  0:000  Maximum control=0x1A
70:782  0:000  Turbo control=0x23
70:782  0:000  P-States: min 0x8, max 0x23
70:782  0:000  SSDT with plugin-type without P-States is generated
70:782  0:000  Cleanup XSDT: count=27, length=252
70:782  0:000  corrected XSDT count=26, length=244
70:782  0:000  === [ RestSetup macOS ] ===================================
70:782  0:000  EdidDiscovered size=128
70:782  0:000  --- Discovered EDID Table size:128
70:782  0:000  000  |  00  FF  FF  FF  FF  FF  FF  00  0D  AE
70:782  0:000  010  |  D2  15  00  00  00  00  12  19  01  04
70:782  0:000  020  |  95  22  13  78  02  42  05  AC  4F  44
70:782  0:000  030  |  AC  28  0C  50  54  00  00  00  01  01
70:782  0:000  040  |  01  01  01  01  01  01  01  01  01  01
70:782  0:000  050  |  01  01  01  01  B4  3B  80  4A  71  38
70:782  0:000  060  |  34  40  64  42  6A  00  58  C1  10  00
70:782  0:000  070  |  00  18  00  00  00  FE  00  4E  31  35
70:782  0:000  080  |  36  48  47  45  2D  45  41  4C  0A  20
70:782  0:000  090  |  00  00  00  FE  00  43  4D  4E  0A  20
70:782  0:000  100  |  20  20  20  20  20  20  20  20  00  00
70:782  0:000  110  |  00  FE  00  4E  31  35  36  48  47  45
70:782  0:000  120  |  2D  45  41  4C  0A  20  00  DF
70:782  0:000  add device: PciRoot(0x0)/Pci(0x1F,0x3)
70:782  0:000  add device: PciRoot(0x0)/Pci(0x2,0x0)
70:782  0:000     Add key=framebuffer-stolenmem valuelen=4
70:782  0:000     Add key=framebuffer-patch-enable valuelen=4
70:782  0:000     Add key=framebuffer-fbmem valuelen=4
70:782  0:000     Add key=AAPL,ig-platform-id valuelen=4
70:782  0:000  Intel GFX injection not set
70:782  0:000   RCBA disabled; cannot use it
70:783  0:000  stringlength = 1282
70:783  0:000  CurrentMode: Width=1920 Height=1080
70:783  0:000  Beginning FSInjection
FSInjectionInstall ...
- Our FSI_SIMPLE_FILE_SYSTEM_PROTOCOL installed on handle: 7385BF98
FSInjectionInstall ...
- Our FSI_SIMPLE_FILE_SYSTEM_PROTOCOL installed on handle: 7385BF98
70:794  0:010  Use origin smbios table type 1 guid.
70:796  0:002    Force kext: System\Library\Extensions\IONetworkingFamily.kext
70:950  0:154      Force PlugIn kext: System\Library\Extensions\IONetworkingFamily.kext\Contents\PlugIns\nvenet.kext
70:982  0:031      Force PlugIn kext: System\Library\Extensions\IONetworkingFamily.kext\Contents\PlugIns\AppleEthernetAquantiaAqtion.kext
71:017  0:035      Force PlugIn kext: System\Library\Extensions\IONetworkingFamily.kext\Contents\PlugIns\AppleBCM5701Ethernet.kext
71:045  0:028      Force PlugIn kext: System\Library\Extensions\IONetworkingFamily.kext\Contents\PlugIns\AppleIntelI210Ethernet.kext
71:103  0:057      Force PlugIn kext: System\Library\Extensions\IONetworkingFamily.kext\Contents\PlugIns\Intel82574L.kext
71:126  0:023      Force PlugIn kext: System\Library\Extensions\IONetworkingFamily.kext\Contents\PlugIns\IOEthernetAVBController.kext
71:150  0:023      Force PlugIn kext: System\Library\Extensions\IONetworkingFamily.kext\Contents\PlugIns\AppleYukon2.kext
71:178  0:028      Force PlugIn kext: System\Library\Extensions\IONetworkingFamily.kext\Contents\PlugIns\AppleEthernetAquantiaAqtionFirmware.kext
71:207  0:029      Force PlugIn kext: System\Library\Extensions\IONetworkingFamily.kext\Contents\PlugIns\AppleIntel8254XEthernet.kext
71:228  0:020      Force PlugIn kext: System\Library\Extensions\IONetworkingFamily.kext\Contents\PlugIns\AppleVmxnet3Ethernet.kext
71:253  0:024      Force PlugIn kext: System\Library\Extensions\IONetworkingFamily.kext\Contents\PlugIns\mDNSOffloadUserClient.kext
71:276  0:023  Preparing kexts injection for arch=x86_64 from EFI\CLOVER\kexts\Other
71:276  0:000  Preparing kexts injection for arch=x86_64 from EFI\CLOVER\kexts\10.14
71:277  0:001  Custom boot screen not used because entry has unset use graphics
71:280  0:002  Closing log
